1538327890974	geckodriver	INFO	geckodriver 0.21.0 (c7d3022be6420de1ca4076d932aa32b299f3ea10 2018-06-14)
1538327890988	geckodriver	INFO	Listening on 127.0.0.1:51766
1538327891643	mozrunner::runner	INFO	Running command: "C:\\Program Files\\Mozilla Firefox\\firefox.exe" "-marionette" "-foreground" "-no-remote" "-profile" "C:\\Users\\Dima\\AppData\\Local\\Temp\\rust_mozprofile.3poIQZnITjDr"
[GFX1-]: CreateShaderResourceView failed for format87
[GFX1-]: CreateShaderResourceView failed for format87
[GFX1-]: CreateShaderResourceView failed for format87
[GFX1-]: CreateShaderResourceView failed for format87
1538327900861	Marionette	INFO	Listening on port 51795
1538327901353	Marionette	WARN	TLS certificate errors will be ignored for this session
1538327901521	Marionette	DEBUG	[4294967297] Frame script loaded
1538327901662	Marionette	DEBUG	[4294967297] Frame script registered
1538327902391	Marionette	DEBUG	[4294967297] Received DOM event beforeunload for about:blank
1538327909888	Marionette	DEBUG	[4294967297] Received DOM event pagehide for about:blank
1538327910058	Marionette	DEBUG	[4294967297] Received DOM event DOMContentLoaded for https://hidemyna.me/ru/proxy-list/
1538327910221	Marionette	DEBUG	[4294967297] Received DOM event pageshow for https://hidemyna.me/ru/proxy-list/
JavaScript error: https://hidemyna.me/ru/proxy-list/, line 94: ReferenceError: PostAffTracker is not defined
JavaScript error: https://hidemyna.me/ru/feedback/, line 145: ReferenceError: PostAffTracker is not defined
JavaScript error: https://hidemyna.me/ru/proxy-list/, line 94: ReferenceError: PostAffTracker is not defined
JavaScript error: https://hidemyna.me/ru/proxy-list/?maxtime=500&type=s#list, line 94: ReferenceError: PostAffTracker is not defined
JavaScript error: https://hidemyna.me/ru/proxy-list/?country=RU&maxtime=500&type=s#list, line 94: ReferenceError: PostAffTracker is not defined
JavaScript error: https://hidemyna.me/ru/proxy-list/?country=RU&maxtime=1000&type=s#list, line 94: ReferenceError: PostAffTracker is not defined
JavaScript error: https://hidemyna.me/ru/proxy-list/?country=RU&type=s#list, line 94: ReferenceError: PostAffTracker is not defined
JavaScript error: https://hidemyna.me/ru/proxy-list/?country=RUUA&type=s#list, line 94: ReferenceError: PostAffTracker is not defined
JavaScript error: https://hidemyna.me/ru/proxy-list/?country=AFALDZADAOARAMAUATAZBDBYBEBOBABRBGBFBIKHCMCATDCLCOCGCDCRCIHRCYCZDKDOECEGSVEEFIFRGAGEDEGHGRGTGNHNHKHUISINIDIRIQIEIMILITJPJOKZKEKRKGLALVLBLSLRLYLTLUMKMWMYMVMLMTMUMXMDMNMEMZMMNANPNLNCNZNINGNOPKPSPAPYPEPHPLPTPRRORURWMFRSSCSGSKSISOZASSESLKSZSECHSYTWTJTZTHTRUGUAGBUSUYUZVEVNZMZW&maxtime=1000&type=s#list, line 94: ReferenceError: PostAffTracker is not defined
console.error: "Protocol error (noSuchActor): No such actor for ID: server1.conn0.child1/highlighter27"
IPDL protocol error: Handler returned error code!

###!!! [Parent][DispatchAsyncMessage] Error: PLayerTransaction::Msg_ReleaseLayer Processing error: message was deserialized, but the handler returned false (indicating failure)

IPDL protocol error: Handler returned error code!

###!!! [Parent][DispatchAsyncMessage] Error: PLayerTransaction::Msg_ReleaseLayer Processing error: message was deserialized, but the handler returned false (indicating failure)

IPDL protocol error: Handler returned error code!

###!!! [Parent][DispatchAsyncMessage] Error: PLayerTransaction::Msg_ReleaseLayer Processing error: message was deserialized, but the handler returned false (indicating failure)

IPDL protocol error: Handler returned error code!

###!!! [Parent][DispatchAsyncMessage] Error: PLayerTransaction::Msg_ReleaseLayer Processing error: message was deserialized, but the handler returned false (indicating failure)

IPDL protocol error: Handler returned error code!

###!!! [Parent][DispatchAsyncMessage] Error: PLayerTransaction::Msg_ReleaseLayer Processing error: message was deserialized, but the handler returned false (indicating failure)

IPDL protocol error: Handler returned error code!

###!!! [Parent][DispatchAsyncMessage] Error: PLayerTransaction::Msg_ReleaseLayer Processing error: message was deserialized, but the handler returned false (indicating failure)

IPDL protocol error: Handler returned error code!

###!!! [Parent][DispatchAsyncMessage] Error: PLayerTransaction::Msg_ReleaseLayer Processing error: message was deserialized, but the handler returned false (indicating failure)

IPDL protocol error: Handler returned error code!

###!!! [Parent][DispatchAsyncMessage] Error: PLayerTransaction::Msg_ReleaseLayer Processing error: message was deserialized, but the handler returned false (indicating failure)

IPDL protocol error: Handler returned error code!

###!!! [Parent][DispatchAsyncMessage] Error: PLayerTransaction::Msg_ReleaseLayer Processing error: message was deserialized, but the handler returned false (indicating failure)

IPDL protocol error: Handler returned error code!

###!!! [Parent][DispatchAsyncMessage] Error: PLayerTransaction::Msg_ReleaseLayer Processing error: message was deserialized, but the handler returned false (indicating failure)

IPDL protocol error: Handler returned error code!

###!!! [Parent][DispatchAsyncMessage] Error: PLayerTransaction::Msg_ReleaseLayer Processing error: message was deserialized, but the handler returned false (indicating failure)

IPDL protocol error: Handler returned error code!

###!!! [Parent][DispatchAsyncMessage] Error: PLayerTransaction::Msg_ReleaseLayer Processing error: message was deserialized, but the handler returned false (indicating failure)

IPDL protocol error: Handler returned error code!

###!!! [Parent][DispatchAsyncMessage] Error: PLayerTransaction::Msg_ReleaseLayer Processing error: message was deserialized, but the handler returned false (indicating failure)

[Parent 6020, Gecko_IOThread] WARNING: pipe error: 109: file z:/build/build/src/ipc/chromium/src/chrome/common/ipc_channel_win.cc, line 346
[Parent 6020, Gecko_IOThread] WARNING: pipe error: 109: file z:/build/build/src/ipc/chromium/src/chrome/common/ipc_channel_win.cc, line 346
[Parent 6020, Gecko_IOThread] WARNING: file z:/build/build/src/ipc/chromium/src/base/process_util_win.cc, line 188
[Child 7968, Chrome_ChildThread] WARNING: pipe error: 109: file z:/build/build/src/ipc/chromium/src/chrome/common/ipc_channel_win.cc, line 346
[Child 4880, Chrome_ChildThread] WARNING: pipe error: 109: file z:/build/build/src/ipc/chromium/src/chrome/common/ipc_channel_win.cc, line 346
[Child 4880, Chrome_ChildThread] WARNING: pipe error: 109: file z:/build/build/src/ipc/chromium/src/chrome/common/ipc_channel_win.cc, line 346
1538328468530	Marionette	INFO	Stopped listening on port 51795
[GPU 6432, Chrome_ChildThread] WARNING: pipe error: 109: file z:/build/build/src/ipc/chromium/src/chrome/common/ipc_channel_win.cc, line 346

###!!! [Child][MessageChannel::SendAndWait] Error: Channel error: cannot send/recv

1538328471096	geckodriver	INFO	geckodriver 0.21.0 (c7d3022be6420de1ca4076d932aa32b299f3ea10 2018-06-14)
1538328471109	geckodriver	INFO	Listening on 127.0.0.1:58900
1538328471372	mozrunner::runner	INFO	Running command: "C:\\Program Files\\Mozilla Firefox\\firefox.exe" "-marionette" "-foreground" "-no-remote" "-profile" "C:\\Users\\Dima\\AppData\\Local\\Temp\\rust_mozprofile.oBb4oyqjs9Fo"
[GFX1-]: CreateShaderResourceView failed for format87
[GFX1-]: CreateShaderResourceView failed for format87
[GFX1-]: CreateShaderResourceView failed for format87
[GFX1-]: CreateShaderResourceView failed for format87
1538328478167	Marionette	INFO	Listening on port 58905
1538328479274	Marionette	WARN	TLS certificate errors will be ignored for this session
1538328479389	Marionette	DEBUG	[6442450945] Frame script loaded
1538328479400	Marionette	DEBUG	[6442450945] Frame script registered
1538328479904	Marionette	DEBUG	[6442450945] Received DOM event beforeunload for about:blank
1538328480376	Marionette	DEBUG	[6442450945] Received DOM event pagehide for about:blank
1538328480395	Marionette	DEBUG	[6442450945] Received DOM event DOMContentLoaded for https://hidemyna.me/ru/proxy-list/
1538328480440	Marionette	DEBUG	[6442450945] Received DOM event pageshow for https://hidemyna.me/ru/proxy-list/
JavaScript error: https://hidemyna.me/ru/proxy-list/, line 94: ReferenceError: PostAffTracker is not defined
[Child 7396, Chrome_ChildThread] WARNING: pipe error: 109: file z:/build/build/src/ipc/chromium/src/chrome/common/ipc_channel_win.cc, line 346
[Child 7396, Chrome_ChildThread] WARNING: pipe error: 109: file z:/build/build/src/ipc/chromium/src/chrome/common/ipc_channel_win.cc, line 346
[Parent 5564, Gecko_IOThread] WARNING: pipe error: 109: file z:/build/build/src/ipc/chromium/src/chrome/common/ipc_channel_win.cc, line 346
[Child 8096, Chrome_ChildThread] WARNING: pipe error: 109: file z:/build/build/src/ipc/chromium/src/chrome/common/ipc_channel_win.cc, line 346
[Child 8096, Chrome_ChildThread] WARNING: pipe error: 109: file z:/build/build/src/ipc/chromium/src/chrome/common/ipc_channel_win.cc, line 346
[Parent 5564, Gecko_IOThread] WARNING: pipe error: 109: file z:/build/build/src/ipc/chromium/src/chrome/common/ipc_channel_win.cc, line 346
[Child 7616, Chrome_ChildThread] WARNING: pipe error: 109: file z:/build/build/src/ipc/chromium/src/chrome/common/ipc_channel_win.cc, line 346
[Child 7616, Chrome_ChildThread] WARNING: pipe error: 109: file z:/build/build/src/ipc/chromium/src/chrome/common/ipc_channel_win.cc, line 346
[Parent 5564, Gecko_IOThread] WARNING: file z:/build/build/src/ipc/chromium/src/base/process_util_win.cc, line 188
1538328626407	Marionette	INFO	Stopped listening on port 58905
[GPU 7372, Chrome_ChildThread] WARNING: pipe error: 109: file z:/build/build/src/ipc/chromium/src/chrome/common/ipc_channel_win.cc, line 346
ostAffTracker is not defined
[Child 8016, Chrome_ChildThread] WARNING: pipe error: 109: file z:/build/build/src/ipc/chromium/src/chrome/common/ipc_channel_win.cc, line 346
[Child 8016, Chrome_ChildThread] WARNING: pipe error: 109: file z:/build/build/src/ipc/chromium/src/chrome/common/ipc_channel_win.cc, line 346
[Parent 7004, Gecko_IOThread] WARNING: pipe error: 109: file z:/build/build/src/ipc/chromium/src/chrom[GFX1-]: CreateShaderResourceView failed for format87
[GFX1-]: CreateShaderResourceView failed for format87
[GFX1-]: CreateShaderResourceView failed for format87
[GFX1-]: CreateShaderResourceView failed for format87
1538328632219	Marionette	INFO	Listening on port 60871
1538328632276	Marionette	WARN	TLS certificate errors will be ignored for this session
1538328632394	Marionette	DEBUG	[6442450945] Frame script loaded
1538328632406	Marionette	DEBUG	[6442450945] Frame script registered
1538328632448	Marionette	DEBUG	[6442450945] Received DOM event beforeunload for about:blank
1538328633569	Marionette	DEBUG	[6442450945] Received DOM event pagehide for about:blank
1538328633582	Marionette	DEBUG	[6442450945] Received DOM event DOMContentLoaded for https://hidemyna.me/ru/proxy-list/
1538328633646	Marionette	DEBUG	[6442450945] Received DOM event pageshow for https://hidemyna.me/ru/proxy-list/
JavaScript error: https://hidemyna.me/ru/proxy-list/, line 94: ReferenceError: PostAffTracker is not defined
[Child 1836, Chrome_ChildThread] WARNING: pipe error: 109: file z:/build/build/src/ipc/chromium/src/chrome/common/ipc_channel_win.cc, line 346
[Child 3444, Chrome_ChildThread] WARNING: pipe error: 109: file z:/build/build/src/ipc/chromium/src/chrome/common/ipc_channel_win.cc, line 346
[Child 3444, Chrome_ChildThread] WARNING: pipe error: 109: file z:/build/build/src/ipc/chromium/src/chrome/common/ipc_channel_win.cc, line 346
[Parent 4452, Gecko_IOThread] WARNING: pipe error: 109: file z:/build/build/src/ipc/chromium/src/chrome/common/ipc_channel_win.cc, line 346
[Parent 4452, Gecko_IOThread] WARNING1538328680456	Marionette	INFO	Listening on port 61570
1538328680934	Marionette1538328681396	Marionette	INFO	Stopped listening on port 60871
[GPU 5272, Chrome_ChildThread] WARNING: pipe error: 109: file z:/build/build/src/ipc/chromium/src/chrome/common/ipc_channel_win.cc, line 346

###!!! [Child][MessageChannel::SendAndWait] Error: Channel error: cannot send/recv1538328681513	Marionette	DEBUG	[6442450945] Received DOM event pagehide for about:blank
1538328681529	Marionette	DEBUG	[6442450945] Received DOM event DOMContentLoaded for https://hidemyna.me/ru/proxy-list/
1538328681593	Marionette	DEBUG	[6442450945] Received DOM event pageshow for https://hidemyna.me/ru/proxy-list/
JavaScript error: https://hidemyna.me/ru/proxy-list/, line 94: ReferenceError: PostAffTracker is not defined
[Parent 3576, Gecko_IOThread] WARNING: pipe error: 109: file z:/build/build/src/ipc/chromium/src/chrome/common/ipc_channel_win.cc, line 346
[Child 6856, Chrome_ChildThread] WARNING: pipe error: 109: file z:/build/build/src/ipc/chromium/src/chrome/common/ipc_channel_win.cc, line 346
[Child 6856, Chrome_ChildThread] WARNING: pipe error: 109: file z:/build/build/src/ipc/chromium/src/chrome/common/ipc_channel_win.cc, line 346
[Parent 3576, Gecko_IOThread] WARNING: pipe error: 109: file z:/build/build/src/ipc/chromium/src/chrome/common/ipc_channel_win.cc, line 346
[Child 3728, Chrome_ChildThread] WARNING: pipe error: 109: file z:/build/build/src/ipc/chromium/src/chrome/common/ipc_channel_win.cc, line 346
[Parent 3576, Gecko_IOThread] WARNING: file z:/build/build/src/ipc/chromium/src/base/process_util_win.cc, line 188
1538328749590	Marionette	INFO	Stopped listening on port 61570
[GPU 4700, Chrome_ChildThread] WARNING: pipe error: 109: file z:/build/build/src/ipc/chromium/src/chrome/common/ipc_channel_win.cc, line 346

###!!! [Child][MessageChannel::SendAndWait] Error: Channel error: cannot send/recv

M event DOMContentLoaded for https://hidemyna.me/ru/proxy-list/
1538328740187	Marionette	DEBUG	[6442450945] Received DOM event pageshow for https://hidemyna.me/ru/proxy-list/
JavaScript error: https://hidemyna.me/ru/proxy-list/, line 94: ReferenceError: PostAffTracker is not defined
[Child 2780, Chrome_ChildThread] WARNING: pipe error: 109: file z:/build/build/src/ipc/chromium/src/chrome/common/ipc_channel_win.cc, line 346
[Parent 5700, Gecko_IOThread] WARNING: pipe error: 109: file z:/build/build/src/ipc/chromium/src/chrome/common/ipc_channel_win.cc, line 346
[Child 7800, Chrome_ChildThread] WARNING: pipe error: 109: file z:/build/build/src/ipc/chromium/src/chrome/common/ipc_channel_win.cc, line 346
[Child 7800, Chrome_ChildThread] WARNING: pipe error: 109: file z:/build/build/src/ipc/chromium/src/chrome/common/ipc_channel_win.cc, line 346
[Parent 5700, Gecko_IOThread] WARNING: file z:/build/build/src/ipc/chromium/src/base/process_util_win.cc, line 188
1538328749481	Marionette	INFO	Stopped listening on port 62333
[GPU 4340, Chrome_ChildThread] WARNING: pipe error: 109: file z:/build/build/src/ipc/chromium/src/chrome/common/ipc_channel_win.cc, line 346

###!!! [Child][MessageChannel::SendAndWait] Error: Channel error: cannot send/recv

1538328754604	geckodriver	INFO	geckodriver 0.21.0 (c7d3022be6420de1ca4076d932aa32b299f3ea10 2018-06-14)
1538328754617	geckodriver	INFO	Listening on 127.0.0.1:62633
1538328755071	mozrunner::runner	INFO	Running command: "C:\\Program Files\\Mozilla Firefox\\firefox.exe" "-marionette" "-foreground" "-no-remote" "-profile" "C:\\Users\\Dima\\AppData\\Local\\Temp\\rust_mozprofile.lYQl8hlVqDxR"
[GFX1-]: CreateShaderResourceView failed for format87
[GFX1-]: CreateShaderResourceView failed for format87
[GFX1-]: CreateShaderResourceView failed for format87
[GFX1-]: CreateShaderResourceView failed for format87
1538328760196	Marionette	INFO	Listening on port 62658
1538328760485	Marionette	WARN	TLS certificate errors will be ignored for this session
1538328760616	Marionette	DEBUG	[6442450945] Frame script loaded
1538328760627	Marionette	DEBUG	[6442450945] Frame script registered
1538328760650	Marionette	DEBUG	[6442450945] Received DOM event beforeunload for about:blank
1538328761355	Marionette	DEBUG	[6442450945] Received DOM event pagehide for about:blank
1538328761415	Marionette	DEBUG	[6442450945] Received DOM event DOMContentLoaded for https://hidemyna.me/ru/proxy-list/
1538328761433	Marionette	DEBUG	[6442450945] Received DOM event pageshow for https://hidemyna.me/ru/proxy-list/
JavaScript error: https://hidemyna.me/ru/proxy-list/, line 94: ReferenceError: PostAffTracker is not defined
[Parent 6588, Gecko_IOThread] WARNING: pipe error: 109: file z:/build/build/src/ipc/chromium/src/chrome/common/ipc_channel_win.cc, line 346
[Child 6780, Chrome_ChildThread] WARNING: pipe error: 109: file z:/build/build/src/ipc/chromium/src/chrome/common/ipc_channel_win.cc, line 346
[Child 1636, Chrome_ChildThread] WARNING: pipe error: 109: file z:/build/build/src/ipc/chromium/src/chrome/common/ipc_channel_win.cc, line 346
[Child 1636, Chrome_ChildThread] WARNING: pipe error: 109: file z:/build/build/src/ipc/chromium/src/chrome/common/ipc_channel_win.cc, line 346

###!!! [Child][RunMessage] Error: Channel closing: too late to send/recv, messages will be lost

[Parent 6588, Gecko_IOThread] WARNING: pipe error: 109: file z:/build/build/src/ipc/chromium/src/chrome/common/ipc_channel_win.cc, line 346
[Child 7612, Chrome_ChildThread] WARNING: pipe error: 109: file z:/build/build/src/ipc/chromium/src/chrome/common/ipc_channel_win.cc, line 346
[Parent 6588, Gecko_IOThread] WARNING: file z:/build/build/src/ipc/chromium/src/base/process_util_win.cc, line 188
1538328915079	Marionette	INFO	Stopped listening on port 62658

###!!! [Child][MessageChannel::SendAndWait] Error: (msgtype=0x4C0004,name=PImageBridge::Msg_WillClose) Channel error: cannot send/recv

na.me/ru/proxy-list/
JavaScript error: https://hidemyna.me/ru/proxy-list/, line 94: ReferenceError: PostAffTracker is not defined
[Child 1200, Chrome_ChildThread] WARNING: pipe error: 109: file z:/build/build/src/ipc/chromium/src/chrome/common/ipc_channel_win.cc, line 346
[Child 1200, Chrome_ChildThread] WARNING: pipe error: 109: file z:/build/build/src/ipc/chromium/src/chrome/common/ipc_channel_win.cc, line 346
[Parent 4660, Gecko_IOThread] WARNING: pipe error: 109: file z:/build/build/src/ipc/chromium/src/chrome/common/ipc_channel_win.cc, line 346
[Child 8124, Chr[GFX1-]: CreateShaderResourceView failed for format87
[GFX1-]: CreateShaderResourceView failed for format87
[GFX1-]: CreateShaderResourceView failed for format87
[Parent 2220, Gecko_IOThread] WARNING: pipe error: 109: file z:/build/build/src/ipc/chromium/src/chrome/common/ipc_channel_win.cc, line 346
1538328913488	Marionette	INFO	Listening on port 64497
[Child 6596, Chrome_ChildThread] WARNING: pipe error: 109: file z:/build/build/src/ipc/chromium/src/chrome/common/ipc_channel_win.cc, line 346
[Child 6596, Chrome_ChildThread] WARNING: pipe error: 109: file z:/build/build/src/ipc/chromium/src/chrome/common/ipc_channel_win.cc, line 346
1538328913704	Marionette	WARN	TLS certificate errors will be ignored for this session
1538328913820	Marionette	DEBUG	[6442450945] Frame script loaded
1538328914049	Marionette	DEBUG	[6442450945] Frame script registered
1538328914083	Marionette	DEBUG	[6442450945] Rece1538328914397	Marionette	INFO	Stopped listeni1538328915080	Marionette	DEBUG	[6442450945] Received DOM event pagehide for about:blank
1538328915112	Marionette	DEBUG	[6442450945] Received DOM event DOMContentLoaded for https://hidemyna.me/ru/proxy-list/
1538328915151	Marionette	DEBUG	[6442450945] Received DOM event pageshow for https://hidemyna.me/ru/proxy-list/
[GFX1-]: CreateShaderResourceView failed for format87
JavaScript error: https://hidemyna.me/ru/proxy-list/, line 94: ReferenceError: PostAffTracker is not defined
[Parent 2220, Gecko_IOThread] WARNING: pipe error: 109: file z:/build/build/src/ipc/chromium/src/chrome/common/ipc_channel_win.cc, line 346
[Parent 2220, Gecko_IOThread] WARNING: pipe error: 109: file z:/build/build/src/ipc/chromium/src/chrome/common/ipc_channel_win.cc, line 346
[Child 6232, Chrome_ChildThread] WARNING: pipe error: 109: file z:/build/build/src/ipc/chromium/src/chrome/common/ipc_channel_win.cc, line 346
[Child 6232, Chrome_ChildThread] WARNING: pipe error: 109: file z:/build/build/src/ipc/chromium/src/chrome/common/ipc_channel_win[GFX1-]: CreateShaderResourceView failed for format87
1538328954737	Marionette	INFO	Listening on port 65197
1538328955237	Marionette	WARN	TLS certificate errors will be ignored for this session
1538328955351	Marionette	DEBUG	[6442450945] Frame script loaded
1538328955362	Marionette	DEBUG	[6442450945] Frame script registered
1538328955388	Marionette	DEBUG	[6442450945] Received DOM event beforeunload for about:blank
1538328955898	Marionette	DEBUG	[6442450945] Received DOM event pagehide for about:blank
1538328955910	Marionette	DEBUG	[6442450945] Received DOM event DOMContentLoaded for https://hidemyna.me/ru/proxy-list/
1538328955959	Marionette	DEBUG	[6442450945] Received DOM event pageshow for https://hidemyna.me/ru/proxy-list/
JavaScript error: https://hidemyna.me/ru/proxy-list/, line 94: ReferenceError: PostAffTracker is not defined
IPDL protocol error: Handler returned error code!

###!!! [Parent][DispatchAsyncMessage] Error: PLayerTransaction::Msg_ReleaseLayer Processing error: message was deserialized, but the handler returned false (indicating failure)

[Parent 5588, Gecko_IOThread] WARNING: pipe error: 109: file z:/build/build/src/ipc/chromium/src/chrome/common/ipc_channel_win.cc, line 346
[Child 6360, Chrome_ChildThread] WARNING: pipe error: 109: file z:/build/build/src/ipc/chromium/src/chrome/common/ipc_channel_win.cc, line 346
[Child 7644, Chrome_ChildThread] WARNING: pipe error: 109: file z:/build/build/src/ipc/chromium/src/chrome/common/ipc_channel_win.cc, line 346

###!!! [Child][MessageChannel] Error: (msgtype=0x2E00B1,name=PContent::Msg_ScriptError) Channel closing: too late to send/recv, messages will be lost


###!!! [Child][MessageChannel] Error: (msgtype=0x910006,name=PWebSocket::Msg_DeleteSelf) Channel closing: too late to send/recv, messages will be lost

[Parent 5588, Gecko_IOThread] WARNING: pipe error: 109: file z:/build/build/src/ipc/chromium/src/chrome/common/ipc_channel_win.cc, line 346
[Child 1644, Chrome_ChildThread] WARNING: pipe error: 109: file z:/build/build/src/ipc/chromium/src/chrome/common/ipc_channel_win.cc, line 346
[Parent 5588, Gecko_IOThread] WARNING: file z:/build/build/src/ipc/chromium/src/base/process_util_win.cc, line 188
1538329357888	Marionette	INFO	Stopped listening on port 65197
[GPU 4292, Chrome_ChildThread] WARNING: pipe error: 109: file z:/build/build/src/ipc/chromium/src/chrome/common/ipc_channel_win.cc, line 346

###!!! [Child][MessageChannel::SendAndWait] Error: Channel error: cannot send/recv

pc_channel_win.cc, line 346
[Child 4180, Chrome_ChildThread] WARNING: pipe error: 109: file z:/build/build/src/ipc/chromium/src/chrome/common/ipc_channel_win.cc, line 346
[Child 4628, Chrome_ChildThread] WARNING: pipe error: 109: file z:/build/build/src/ipc/chromium/src/chrome/common/ipc_channel_win.cc, line 346
[Child 7144, Chrome_ChildThread] WARNING: pipe error: 109: file z:/build/build/src/ipc/chromium/src/chrome/common/ipc_channel_win.cc, line 346
[Child 7144, Chrome_ChildThread] WARNING: pipe error: 109: file z:/build/build/src/ipc/chromium/src/chrome/common/ipc_channel_win.cc, line 346
[Parent 6808, Gecko_IOThread] WARNING: file z:/build/build/src/ipc/chromium/src/base/process_util_win.cc, line 188
1538329357590	Marionette	INFO	Stopped listening on port 1130
329354201	Marionette	DEBUG	[6442450945] Frame script loaded
1538329354269	Marionette	DEBUG	[6442450945] Frame script registered
1538329354321	Marionette	DEBUG	[6442450945] Received DOM event beforeunload for about:blank
1538329354756	Marionette	DEBUG	[6442450945] Received DOM event pagehide for about:blank
1538329354777	Marionette	DEBUG	[6442450945] Received DOM event DOMContentLoaded for https://hidemyna.me/ru/proxy-list/
1538329354829	Marionette	DEBUG	[6442450945] Received DOM event pageshow for https://hidemyna.me/ru/proxy-list/
[GFX1-]: CreateShaderResourceView failed for format87
JavaScript error: https://hidemyna.me/ru/proxy-list/, line 94: ReferenceError: PostAffTracker is not defined
[Parent 4884, Gecko_IOThread] WARNING: pipe error: 109: file z:/build/build/src/ipc/chromium/src/chrome/common/ipc_channel_win.cc, line 346
[Child 7932, Chrome_ChildThread] WARNING: pipe error: 109: file z:/build/build/src/ipc/chromium/src/chrome/common/ipc_channel_win.cc, line 346
[Child 7932, Chrome_ChildThread] WARNING: pipe error: 109: file z:/build/build/src/ipc/chromium/src/chro[GFX1-]: CreateShaderResourceView failed for format87
[GFX1-]: CreateShaderResourceView failed for format87
[GFX1-]: CreateShaderResourceView failed for format87
[GFX1-]: CreateShaderResourceView failed for format87
1538329383114	Marionette	INFO	Listening on port 5916
1538329383387	Marionette	WARN	TLS certificate errors will be ignored for this session
1538329383494	Marionette	DEBUG	[6442450945] Frame script loaded
1538329383504	Marionette	DEBUG	[6442450945] Frame script registered
1538329383538	Marionette	DEBUG	[6442450945] Received DOM event beforeunload for about:blank
1538329384010	Marionette	DEBUG	[6442450945] Received DOM event pagehide for about:blank
1538329384022	Marionette	DEBUG	[6442450945] Received DOM event DOMContentLoaded for https://hidemyna.me/ru/proxy-list/
1538329384068	Marionette	DEBUG	[6442450945] Received DOM event pageshow for https://hidemyna.me/ru/proxy-list/
JavaScript error: https://hidemyna.me/ru/proxy-list/, line 94: ReferenceError: PostAffTracker is not defined
[Child 4240, Chrome_ChildThread] WARNING: pipe error: 109: file z:/build/build/src/ipc/chromium/src/chrome/common/ipc_channel_win.cc, line 346
[Child 4240, Chrome_ChildThread] WARNING: pipe error: 109: file z:/build/build/src/ipc/chromium/src/chrome/common/ipc_channel_win.cc, line 346
[Child 7948, Chrome_ChildThread] WARNING: pipe error: 109: file z:/build/build/src/ipc/chromium/src/chrome/common/ipc_channel_win.cc, line 346
[Child 7948, Chrome_ChildThread] WARNING: pipe error: 109: file z:/build/build/src/ipc/chromium/src/chrome/common/ipc_channel_win.cc, line 346
[Parent 928, Gecko_IOThread] WARNING: pipe error: 109: file z:/build/build/src/ipc/chromium/src/chrome/common/ipc_channel_win.cc, line 346
[Child 1160, Chrome_ChildThread] WARNING: pipe error: 109: file z:/build/build/src/ipc/chromium/src/chrome/common/ipc_channel_win.cc, line 346
[Child 1160, Chrome_ChildThread] WARNING: pipe error: 109: file z:/build/build/src/ipc/chromium/src/chrome/common/ipc_channel_win.cc, line 346
[Parent 928, Gecko_IOThread] WARNING: file z:/build/build/src/ipc/chromium/src/base/process_util_win.cc, line 188
1538329522461	Marionette	INFO	Stopped listening on port 5916
[GPU 6844, Chrome_ChildThread] WARNING: pipe error: 109: file z:/build/build/src/ipc/chromium/src/chrome/common/ipc_channel_win.cc, line 346

###!!! [Child][MessageChannel::SendAndWait] Error: (msgtype=0x4C0004,name=PImageBridge::Msg_WillClose) Channel error: cannot send/recv

r about:blank
1538329521796	Marionette	DEBUG	[4294967297] Received DOM event pagehide for about:blank
1538329521867	Marionette	DEBUG	[4294967297] Received DOM event DOMContentLoaded for https://hidemyna.me/ru/proxy-list/
1538329521881	Marionette	DEBUG	[4294967297] Received DOM event pageshow for https://hidemyna.me/ru/proxy-list/
JavaScript error: https://hidemyna.me/ru/proxy-list/, line 94: ReferenceError: PostAffTracker is not defined
JavaScript error: resource://devtools/shared/base-loader.js -> resource://devtools/client/framework/toolbox.js, line 1272: TypeError: currentPanel is undefined
[Parent 3492, Gecko_IOThread] WARNING: pipe error: 109: file z:/build/build/src/ipc/chromium/src/chrome/common/ipc_channel_win.cc, line 346
[Parent 3492, Gecko_IOThread] WARNING: pipe error: 109: file z:/build/build/src/ipc/chromium/src/chrome/common/ipc_channel_win.cc, line 346
[Child 6656, Chrome_ChildThread] WARNING: pipe error: 109: file z:/build/build/src/ipc/chromium/src/chrome/common/ipc_channel_win.cc, line 346
[Child 6656, Chrome_ChildThread] WARNING: pipe error: 109: file z:/build/build/src/ipc/chromium/src/chrome/common/ipc_channel_win.cc, line 346
[Child 3400, Chrome_ChildThread] WARNING: pipe error: 109: file z:/build/build/src/ipc/chromium/src/chrome/common/ipc_channel_win.cc, line 346
Handler function NetworkEventActorProxy.addSecurityInfo threw an exception: [Exception... "Component not initialized"  nsresult: "0xc1f30001 (NS_ERROR_NOT_INITIALIZED)"  location: "JS frame :: resource://devtools/shared/base-loader.js -> resource://devtools/shared/webconsole/network-monitor.js :: NetworkEventActorProxy.methodFactory/< :: line 1888"  data: no]
Stack: NetworkEventActorProxy.methodFactory/<@resource://devtools/shared/base-loader.js -> resource://devtools/shared/webconsole/network-monitor.js:1888:5
exports.makeInfallible/<@resource://devtools/shared/base-loader.js -> resource://devtools/shared/ThreadSafeDevToolsUtils.js:109:14
NetworkResponseListener.prototype._getSecurityInfo<@resource://devtools/shared/base-loader.js -> resource://devtools/shared/webconsole/network-monitor.js:519:5
exports.makeInfallible/<@resource://devtools/shared/base-loader.js -> resource://devtools/shared/ThreadSafeDevToolsUtils.js:109:14
onStartRequest@resource://devtools/shared/base-loader.js -> resource://devtools/shared/webconsole/network-monitor.js:439:5
Line: 1888, column: 0
console.error: "Handler function NetworkEventActorProxy.addSecurityInfo threw an exception: [Exception... \"Component not initialized\"  nsresult: \"0xc1f30001 (NS_ERROR_NOT_INITIALIZED)\"  location: \"JS frame :: resource://devtools/shared/base-loader.js -> resource://devtools/shared/webconsole/network-monitor.js :: NetworkEventActorProxy.methodFactory/< :: line 1888\"  data: no]\nStack: NetworkEventActorProxy.methodFactory/<@resource://devtools/shared/base-loader.js -> resource://devtools/shared/webconsole/network-monitor.js:1888:5\nexports.makeInfallible/<@resource://devtools/shared/base-loader.js -> resource://devtools/shared/ThreadSafeDevToolsUtils.js:109:14\nNetworkResponseListener.prototype._getSecurityInfo<@resource://devtools/shared/base-loader.js -> resource://devtools/shared/webconsole/network-monitor.js:519:5\nexports.makeInfallible/<@resource://devtools/shared/base-loader.js -> resource://devtools/shared/ThreadSafeDevToolsUtils.js:109:14\nonStartRequest@resource://devtools/shared/base-loader.js -> resource://devtools/shared/webconsole/network-monitor.js:439:5\nLine: 1888, column: 0"
Handler function NetworkEventActorProxy.addResponseContent threw an exception: [Exception... "Component not initialized"  nsresult: "0xc1f30001 (NS_ERROR_NOT_INITIALIZED)"  location: "JS frame :: resource://devtools/shared/base-loader.js -> resource://devtools/shared/webconsole/network-monitor.js :: NetworkEventActorProxy.methodFactory/< :: line 1888"  data: no]
Stack: NetworkEventActorProxy.methodFactory/<@resource://devtools/shared/base-loader.js -> resource://devtools/shared/webconsole/network-monitor.js:1888:5
exports.makeInfallible/<@resource://devtools/shared/base-loader.js -> resource://devtools/shared/ThreadSafeDevToolsUtils.js:109:14
_onComplete@resource://devtools/shared/base-loader.js -> resource://devtools/shared/webconsole/network-monitor.js:664:5
onStreamClose@resource://devtools/shared/base-loader.js -> resource://devtools/shared/webconsole/network-monitor.js:621:7
onInputStreamReady@resource://devtools/shared/base-loader.js -> resource://devtools/shared/webconsole/network-monitor.js:715:7
Line: 1888, column: 0
console.error: "Handler function NetworkEventActorProxy.addResponseContent threw an exception: [Exception... \"Component not initialized\"  nsresult: \"0xc1f30001 (NS_ERROR_NOT_INITIALIZED)\"  location: \"JS frame :: resource://devtools/shared/base-loader.js -> resource://devtools/shared/webconsole/network-monitor.js :: NetworkEventActorProxy.methodFactory/< :: line 1888\"  data: no]\nStack: NetworkEventActorProxy.methodFactory/<@resource://devtools/shared/base-loader.js -> resource://devtools/shared/webconsole/network-monitor.js:1888:5\nexports.makeInfallible/<@resource://devtools/shared/base-loader.js -> resource://devtools/shared/ThreadSafeDevToolsUtils.js:109:14\n_onComplete@resource://devtools/shared/base-loader.js -> resource://devtools/shared/webconsole/network-monitor.js:664:5\nonStreamClose@resource://devtools/shared/base-loader.js -> resource://devtools/shared/webconsole/network-monitor.js:621:7\nonInputStreamReady@resource://devtools/shared/base-loader.js -> resource://devtools/shared/webconsole/network-monitor.js:715:7\nLine: 1888, column: 0"
[Parent 3492, Gecko_IOThread] WARNING: pipe error: 109: file z:/build/build/src/ipc/chromium/src/chrome/common/ipc_channel_win.cc, line 346
[Parent 3492, Gecko_IOThread] WARNING: file z:/build/build/src/ipc/chromium/src/base/process_util_win.cc, line 188
1538329713341	Marionette	INFO	Stopped listening on port 7580
[GPU 6668, Chrome_ChildThread] WARNING: pipe error: 109: file z:/build/build/src/ipc/chromium/src/chrome/common/ipc_channel_win.cc, line 346

###!!! [Child][MessageChannel::SendAndWait] Error: Channel error: cannot send/recv

1538329714143	geckodriver	INFO	geckodriver 0.21.0 (c7d3022be6420de1ca4076d932aa32b299f3ea10 2018-06-14)
1538329714156	geckodriver	INFO	Listening on 127.0.0.1:9958
1538329714651	mozrunner::runner	INFO	Running command: "C:\\Program Files\\Mozilla Firefox\\firefox.exe" "-marionette" "-foreground" "-no-remote" "-profile" "C:\\Users\\Dima\\AppData\\Local\\Temp\\rust_mozprofile.7v6dqqji77QB"
[GFX1-]: CreateShaderResourceView failed for format87
[GFX1-]: CreateShaderResourceView failed for format87
[GFX1-]: CreateShaderResourceView failed for format87
[GFX1-]: CreateShaderResourceView failed for format87
1538329719079	Marionette	INFO	Listening on port 9963
1538329719648	Marionette	WARN	TLS certificate errors will be ignored for this session
1538329719753	Marionette	DEBUG	[6442450945] Frame script loaded
1538329719765	Marionette	DEBUG	[6442450945] Frame script registered
1538329719792	Marionette	DEBUG	[6442450945] Received DOM event beforeunload for about:blank
1538329720420	Marionette	DEBUG	[6442450945] Received DOM event pagehide for about:blank
1538329720492	Marionette	DEBUG	[6442450945] Received DOM event DOMContentLoaded for https://hidemyna.me/ru/proxy-list/
1538329720506	Marionette	DEBUG	[6442450945] Received DOM event pageshow for https://hidemyna.me/ru/proxy-list/
JavaScript error: https://hidemyna.me/ru/proxy-list/, line 94: ReferenceError: PostAffTracker is not defined
IPDL protocol error: Handler returned error code!

###!!! [Parent][DispatchAsyncMessage] Error: PLayerTransaction::Msg_ReleaseLayer Processing error: message was deserialized, but the handler returned false (indicating failure)

[Parent 2764, Gecko_IOThread] WARNING: pipe error: 109: file z:/build/build/src/ipc/chromium/src/chrome/common/ipc_channel_win.cc, line 346
[Child 5420, Chrome_ChildThread] WARNING: pipe error: 109: file z:/build/build/src/ipc/chromium/src/chrome/common/ipc_channel_win.cc, line 346
[Child 5420, Chrome_ChildThread] WARNING: pipe error: 109: file z:/build/build/src/ipc/chromium/src/chrome/common/ipc_channel_win.cc, line 346
[Child 7092, Chrome_ChildThread] WARNING: pipe error: 109: file z:/build/build/src/ipc/chromium/src/chrome/common/ipc_channel_win.cc, line 346
[Child 7092, Chrome_ChildThread] WARNING: pipe error: 109: file z:/build/build/src/ipc/chromium/src/chrome/common/ipc_channel_win.cc, line 346
[Parent 2764, Gecko_IOThread] WARNING: pipe error: 109: file z:/build/build/src/ipc/chromium/src/chrome/common/ipc_channel_win.cc, line 346
[Child 5204, Chrome_ChildThread] WARNING: pipe error: 109: file z:/build/build/src/ipc/chromium/src/chrome/common/ipc_channel_win.cc, line 346
[Child 5204, Chrome_ChildThread] WARNING: pipe error: 109: file z:/build/build/src/ipc/chromium/src/chrome/common/ipc_channel_win.cc, line 346
[Parent 2764, Gecko_IOThread] WARNING: file z:/build/build/src/ipc/chromium/src/base/process_util_win.cc, line 188
1538329814459	Marionette	INFO	Stopped listening on port 9963
[GPU 5256, Chrome_ChildThread] WARNING: pipe error: 109: file z:/build/build/src/ipc/chromium/src/chrome/common/ipc_channel_win.cc, line 346
1538329990443	geckodriver	INFO	geckodriver 0.21.0 (c7d3022be6420de1ca4076d932aa32b299f3ea10 2018-06-14)
1538329990465	geckodriver	INFO	Listening on 127.0.0.1:13399
1538329990954	mozrunner::runner	INFO	Running command: "C:\\Program Files\\Mozilla Firefox\\firefox.exe" "-marionette" "headless" "-foreground" "-no-remote" "-profile" "C:\\Users\\Dima\\AppData\\Local\\Temp\\rust_mozprofile.AwmZkYHTnD3j"
[GFX1-]: CreateShaderResourceView failed for format87
[GFX1-]: CreateShaderResourceView failed for format87
[GFX1-]: CreateShaderResourceView failed for format87
[GFX1-]: CreateShaderResourceView failed for format87
1538329995095	Marionette	INFO	Listening on port 13404
1538329995411	Marionette	WARN	TLS certificate errors will be ignored for this session
1538329995542	Marionette	DEBUG	[6442450945] Frame script loaded
1538329995555	Marionette	DEBUG	[6442450945] Frame script registered
1538329995571	Marionette	DEBUG	[6442450945] Received DOM event beforeunload for about:blank
1538329996159	Marionette	DEBUG	[6442450945] Received DOM event pagehide for about:blank
1538329996161	Marionette	DEBUG	[6442450945] Received DOM event unload for about:blank
1538329996215	Marionette	DEBUG	[6442450945] Received DOM event DOMContentLoaded for https://hidemyna.me/ru/proxy-list/
1538329996237	Marionette	DEBUG	[6442450945] Received DOM event pageshow for https://hidemyna.me/ru/proxy-list/
JavaScript error: https://hidemyna.me/ru/proxy-list/, line 94: ReferenceError: PostAffTracker is not defined
[Child 6960, Chrome_ChildThread] WARNING: pipe error: 109: file z:/build/build/src/ipc/chromium/src/chrome/common/ipc_channel_win.cc, line 346
[Child 6960, Chrome_ChildThread] WARNING: pipe error: 109: file z:/build/build/src/ipc/chromium/src/chrome/common/ipc_channel_win.cc, line 346
[Child 3224, Chrome_ChildThread] WARNING: pipe error: 109: file z:/build/build/src/ipc/chromium/src/chrome/common/ipc_channel_win.cc, line 346
[Child 3224, Chrome_ChildThread] WARNING: pipe error: 109: file z:/build/build/src/ipc/chromium/src/chrome/common/ipc_channel_win.cc, line 346
[Parent 6372, Gecko_IOThread] WARNING: file z:/build/build/src/ipc/chromium/src/base/process_util_win.cc, line 188
[Parent 6372, Gecko_IOThread] WARNING: pipe error: 109: file z:/build/build/src/ipc/chromium/src/chrome/common/ipc_channel_win.cc, line 346
[Child 7148, Chrome_ChildThread] WARNING: pipe error: 109: file z:/build/build/src/ipc/chromium/src/chrome/common/ipc_channel_win.cc, line 346
[Child 7148, Chrome_ChildThread] WARNING: pipe error: 109: file z:/build/build/src/ipc/chromium/src/chrome/common/ipc_channel_win.cc, line 346
1538330115442	Marionette	INFO	Stopped listening on port 13404
[GPU 6720, Chrome_ChildThread] WARNING: pipe error: 109: file z:/build/build/src/ipc/chromium/src/chrome/common/ipc_channel_win.cc, line 346
1538330116700	geckodriver	INFO	geckodriver 0.21.0 (c7d3022be6420de1ca4076d932aa32b299f3ea10 2018-06-14)
1538330116713	geckodriver	INFO	Listening on 127.0.0.1:15099
1538330118474	mozrunner::runner	INFO	Running command: "C:\\Program Files\\Mozilla Firefox\\firefox.exe" "-marionette" "--headless" "--disable-gpu" "--disable-dev-shm-usage" "--no-sandbox" "-foreground" "-no-remote" "-profile" "C:\\Users\\Dima\\AppData\\Local\\Temp\\rust_mozprofile.LnXB8L0vt2HK"
*** You are running in headless mode.
1538330125788	Marionette	INFO	Listening on port 15116
1538330126112	Marionette	WARN	TLS certificate errors will be ignored for this session
1538330126245	Marionette	DEBUG	[6442450945] Frame script loaded
1538330126258	Marionette	DEBUG	[6442450945] Frame script registered
1538330126298	Marionette	DEBUG	[6442450945] Received DOM event beforeunload for about:blank
1538330126979	Marionette	DEBUG	[6442450945] Received DOM event pagehide for about:blank
1538330126989	Marionette	DEBUG	[6442450945] Received DOM event DOMContentLoaded for https://hidemyna.me/ru/proxy-list/
1538330127040	Marionette	DEBUG	[6442450945] Received DOM event pageshow for https://hidemyna.me/ru/proxy-list/
JavaScript error: https://hidemyna.me/ru/proxy-list/, line 94: ReferenceError: PostAffTracker is not defined
1538330140892	geckodriver	INFO	geckodriver 0.21.0 (c7d3022be6420de1ca4076d932aa32b299f3ea10 2018-06-14)
1538330140904	geckodriver	INFO	Listening on 127.0.0.1:15453
1538330141427	mozrunner::runner	INFO	Running command: "C:\\Program Files\\Mozilla Firefox\\firefox.exe" "-marionette" "--headless" "--disable-gpu" "--disable-dev-shm-usage" "--no-sandbox" "-foreground" "-no-remote" "-profile" "C:\\Users\\Dima\\AppData\\Local\\Temp\\rust_mozprofile.1jTlg78n1NG2"
*** You are running in headless mode.
1538330149248	Marionette	INFO	Listening on port 15458
1538330149724	Marionette	WARN	TLS certificate errors will be ignored for this session
1538330149837	Marionette	DEBUG	[6442450945] Frame script loaded
1538330149849	Marionette	DEBUG	[6442450945] Frame script registered
1538330149901	Marionette	DEBUG	[6442450945] Received DOM event beforeunload for about:blank
1538330150485	Marionette	DEBUG	[6442450945] Received DOM event pagehide for about:blank
1538330150504	Marionette	DEBUG	[6442450945] Received DOM event DOMContentLoaded for https://hidemyna.me/ru/proxy-list/
1538330150548	Marionette	DEBUG	[6442450945] Received DOM event pageshow for https://hidemyna.me/ru/proxy-list/
JavaScript error: https://hidemyna.me/ru/proxy-list/, line 94: ReferenceError: PostAffTracker is not defined
1538330212371	geckodriver	INFO	geckodriver 0.21.0 (c7d3022be6420de1ca4076d932aa32b299f3ea10 2018-06-14)
1538330212384	geckodriver	INFO	Listening on 127.0.0.1:16364
1538330212889	mozrunner::runner	INFO	Running command: "C:\\Program Files\\Mozilla Firefox\\firefox.exe" "-marionette" "--headless" "--disable-gpu" "--disable-dev-shm-usage" "--no-sandbox" "-foreground" "-no-remote" "-profile" "C:\\Users\\Dima\\AppData\\Local\\Temp\\rust_mozprofile.JnuKI3QJIsPr"
1538330228604	geckodriver	INFO	geckodriver 0.21.0 (c7d3022be6420de1ca4076d932aa32b299f3ea10 2018-06-14)
1538330228617	geckodriver	INFO	Listening on 127.0.0.1:16574
1538330229121	mozrunner::runner	INFO	Running command: "C:\\Program Files\\Mozilla Firefox\\firefox.exe" "-marionette" "--headless" "--disable-gpu" "--disable-dev-shm-usage" "--no-sandbox" "-foreground" "-no-remote" "-profile" "C:\\Users\\Dima\\AppData\\Local\\Temp\\rust_mozprofile.hBK2n67Ld3X8"
*** You are running in headless mode.
1538330237755	Marionette	INFO	Listening on port 16591
[Child 3084, Chrome_ChildThread] WARNING: pipe error: 109: file z:/build/build/src/ipc/chromium/src/chrome/common/ipc_channel_win.cc, line 346
1538330237842	Marionette	WARN	TLS certificate errors will be ignored for this session
1538330238168	Marionette	DEBUG	[6442450945] Frame script loaded
1538330238283	Marionette	DEBUG	[6442450945] Frame script registered
1538330238326	Marionette	DEBUG	[6442450945] Received DOM event beforeunload for about:blank
1538330238846	Marionette	DEBUG	[6442450945] Received DOM event pagehide for about:blank
1538330238873	Marionette	DEBUG	[6442450945] Received DOM event DOMContentLoaded for https://hidemyna.me/ru/proxy-list/
1538330238911	Marionette	DEBUG	[6442450945] Received DOM event pageshow for https://hidemyna.me/ru/proxy-list/
JavaScript error: https://hidemyna.me/ru/proxy-list/, line 94: ReferenceError: PostAffTracker is not defined
1538331835702	geckodriver	INFO	geckodriver 0.21.0 (c7d3022be6420de1ca4076d932aa32b299f3ea10 2018-06-14)
1538331835715	geckodriver	INFO	Listening on 127.0.0.1:46370
1538331836165	mozrunner::runner	INFO	Running command: "C:\\Program Files\\Mozilla Firefox\\firefox.exe" "-marionette" "--headless" "--disable-gpu" "--disable-dev-shm-usage" "--no-sandbox" "-foreground" "-no-remote" "-profile" "C:\\Users\\Dima\\AppData\\Local\\Temp\\rust_mozprofile.nc3lqMkXEOLQ"
*** You are running in headless mode.
1538331842385	Marionette	INFO	Listening on port 46386
1538331843499	Marionette	WARN	TLS certificate errors will be ignored for this session
1538331843618	Marionette	DEBUG	[6442450945] Frame script loaded
1538331843633	Marionette	DEBUG	[6442450945] Frame script registered
1538331844045	Marionette	DEBUG	[6442450945] Received DOM event beforeunload for about:blank
1538331845176	Marionette	DEBUG	[6442450945] Received DOM event pagehide for about:blank
1538331845196	Marionette	DEBUG	[6442450945] Received DOM event DOMContentLoaded for https://hidemyna.me/ru/proxy-list/
1538331845236	Marionette	DEBUG	[6442450945] Received DOM event pageshow for https://hidemyna.me/ru/proxy-list/
JavaScript error: https://hidemyna.me/ru/proxy-list/, line 94: ReferenceError: PostAffTracker is not defined
1538334813495	geckodriver	INFO	geckodriver 0.21.0 (c7d3022be6420de1ca4076d932aa32b299f3ea10 2018-06-14)
1538334813571	geckodriver	INFO	Listening on 127.0.0.1:3807
1538334813921	mozrunner::runner	INFO	Running command: "C:\\Program Files\\Mozilla Firefox\\firefox.exe" "-marionette" "--headless" "--disable-gpu" "--disable-dev-shm-usage" "--no-sandbox" "-foreground" "-no-remote" "-profile" "C:\\Users\\Dima\\AppData\\Local\\Temp\\rust_mozprofile.YJQldts4k27G"
*** You are running in headless mode.
1538334832790	Marionette	INFO	Listening on port 3812
1538334833109	Marionette	WARN	TLS certificate errors will be ignored for this session
1538334836231	Marionette	DEBUG	[4294967297] Frame script loaded
1538334836384	Marionette	DEBUG	[4294967297] Frame script registered
1538334836687	Marionette	DEBUG	[4294967297] Received DOM event beforeunload for about:blank
1538334837339	Marionette	DEBUG	[4294967297] Received DOM event pagehide for about:blank
1538334837508	Marionette	DEBUG	[4294967297] Received DOM event DOMContentLoaded for https://hidemyna.me/ru/proxy-list/
1538334837889	Marionette	DEBUG	[4294967297] Received DOM event pageshow for https://hidemyna.me/ru/proxy-list/
JavaScript error: https://hidemyna.me/ru/proxy-list/, line 94: ReferenceError: PostAffTracker is not defined
